# JRE version: Java(TM) SE Runtime Environment (11.0.2+9) (build 11.0.2+9-LTS)
# Java VM: Java HotSpot(TM) 64-Bit Server VM (11.0.2+9-LTS, mixed mode, tiered, compressed oops, g1 gc, bsd-amd64)
Heap:
 garbage-first heap   total 262144K, used 156991K [0x00000007e0000000, 0x0000000800000000)
  region size 1024K, 91 young (93184K), 16 survivors (16384K)
 Metaspace       used 64513K, capacity 66041K, committed 66300K, reserved 313344K
  class space    used 8157K, capacity 8629K, committed 8700K, reserved 253952K
GC Heap History (10 events):
Event: 39.900 GC heap before
{Heap before GC invocations=19 (full 0):
 garbage-first heap   total 262144K, used 159334K [0x00000007e0000000, 0x0000000800000000)
  region size 1024K, 104 young (106496K), 8 survivors (8192K)
 Metaspace       used 54759K, capacity 55904K, committed 56444K, reserved 303104K
  class space    used 6783K, capacity 7175K, committed 7292K, reserved 253952K
}
Event: 39.917 GC heap after
{Heap after GC invocations=20 (full 0):
 garbage-first heap   total 262144K, used 65752K [0x00000007e0000000, 0x0000000800000000)
  region size 1024K, 5 young (5120K), 5 survivors (5120K)
 Metaspace       used 54759K, capacity 55904K, committed 56444K, reserved 303104K
  class space    used 6783K, capacity 7175K, committed 7292K, reserved 253952K
}
Event: 57.017 GC heap before
{Heap before GC invocations=20 (full 0):
 garbage-first heap   total 262144K, used 167128K [0x00000007e0000000, 0x0000000800000000)
  region size 1024K, 105 young (107520K), 5 survivors (5120K)
 Metaspace       used 55265K, capacity 56360K, committed 56956K, reserved 305152K
  class space    used 6797K, capacity 7176K, committed 7292K, reserved 253952K
}
Event: 57.025 GC heap after
{Heap after GC invocations=21 (full 0):
 garbage-first heap   total 262144K, used 64648K [0x00000007e0000000, 0x0000000800000000)
  region size 1024K, 4 young (4096K), 4 survivors (4096K)
 Metaspace       used 55265K, capacity 56360K, committed 56956K, reserved 305152K
  class space    used 6797K, capacity 7176K, committed 7292K, reserved 253952K
}
Event: 68.356 GC heap before
{Heap before GC invocations=21 (full 0):
 garbage-first heap   total 262144K, used 172168K [0x00000007e0000000, 0x0000000800000000)
  region size 1024K, 110 young (112640K), 4 survivors (4096K)
 Metaspace       used 55365K, capacity 56424K, committed 56956K, reserved 305152K
  class space    used 6801K, capacity 7176K, committed 7292K, reserved 253952K
}
Event: 68.361 GC heap after
{Heap after GC invocations=22 (full 0):
 garbage-first heap   total 262144K, used 65277K [0x00000007e0000000, 0x0000000800000000)
  region size 1024K, 5 young (5120K), 5 survivors (5120K)
 Metaspace       used 55365K, capacity 56424K, committed 56956K, reserved 305152K
  class space    used 6801K, capacity 7176K, committed 7292K, reserved 253952K
}
Event: 69.062 GC heap before
{Heap before GC invocations=22 (full 0):
 garbage-first heap   total 262144K, used 178941K [0x00000007e0000000, 0x0000000800000000)
  region size 1024K, 116 young (118784K), 5 survivors (5120K)
 Metaspace       used 57680K, capacity 58915K, committed 59516K, reserved 307200K
  class space    used 7084K, capacity 7493K, committed 7548K, reserved 253952K
}
Event: 69.078 GC heap after
{Heap after GC invocations=23 (full 0):
 garbage-first heap   total 262144K, used 70640K [0x00000007e0000000, 0x0000000800000000)
  region size 1024K, 10 young (10240K), 10 survivors (10240K)
 Metaspace       used 57680K, capacity 58915K, committed 59516K, reserved 307200K
  class space    used 7084K, capacity 7493K, committed 7548K, reserved 253952K
}
Event: 70.823 GC heap before
{Heap before GC invocations=23 (full 0):
 garbage-first heap   total 262144K, used 185328K [0x00000007e0000000, 0x0000000800000000)
  region size 1024K, 122 young (124928K), 10 survivors (10240K)
 Metaspace       used 62343K, capacity 63793K, committed 64252K, reserved 311296K
  class space    used 7827K, capacity 8313K, committed 8444K, reserved 253952K
}
Event: 70.861 GC heap after
{Heap after GC invocations=24 (full 0):
 garbage-first heap   total 262144K, used 81215K [0x00000007e0000000, 0x0000000800000000)
  region size 1024K, 16 young (16384K), 16 survivors (16384K)
 Metaspace       used 62343K, capacity 63793K, committed 64252K, reserved 311296K
  class space    used 7827K, capacity 8313K, committed 8444K, reserved 253952K
}

